<?xml version="1.0" encoding="UTF-8"?>
<!-- Generated by org.testng.reporters.JUnitReportReporter -->
<testsuite skipped="0" hostname="palani" name="POMDemo.MyntraDemoForPOM" tests="1" failures="0" timestamp="02 Nov 2018 09:34:16 GMT" time="58.366" errors="0">
  <testcase name="LoginFB" time="58.366" classname="POMDemo.MyntraDemoForPOM"/>
</testsuite> <!-- POMDemo.MyntraDemoForPOM -->
